0 info it worked if it ends with ok
1 verbose cli [ '/usr/local/bin/node', '/usr/local/bin/npm', 'run', 'dev' ]
2 info using npm@2.14.7
3 info using node@v4.2.2
4 verbose run-script [ 'predev', 'dev', 'postdev' ]
5 info predev poimoe_poi@0.0.1
6 info dev poimoe_poi@0.0.1
7 verbose unsafe-perm in lifecycle true
8 info poimoe_poi@0.0.1 Failed to exec dev script
9 verbose stack Error: poimoe_poi@0.0.1 dev: `webpack-dev-server --inline --hot --quiet`
9 verbose stack Exit status 1
9 verbose stack     at EventEmitter.<anonymous> (/usr/local/lib/node_modules/npm/lib/utils/lifecycle.js:214:16)
9 verbose stack     at emitTwo (events.js:87:13)
9 verbose stack     at EventEmitter.emit (events.js:172:7)
9 verbose stack     at ChildProcess.<anonymous> (/usr/local/lib/node_modules/npm/lib/utils/spawn.js:24:14)
9 verbose stack     at emitTwo (events.js:87:13)
9 verbose stack     at ChildProcess.emit (events.js:172:7)
9 verbose stack     at maybeClose (internal/child_process.js:818:16)
9 verbose stack     at Process.ChildProcess._handle.onexit (internal/child_process.js:211:5)
10 verbose pkgid poimoe_poi@0.0.1
11 verbose cwd /private/var/www/poimoe/web/poi
12 error Darwin 15.0.0
13 error argv "/usr/local/bin/node" "/usr/local/bin/npm" "run" "dev"
14 error node v4.2.2
15 error npm  v2.14.7
16 error code ELIFECYCLE
17 error poimoe_poi@0.0.1 dev: `webpack-dev-server --inline --hot --quiet`
17 error Exit status 1
18 error Failed at the poimoe_poi@0.0.1 dev script 'webpack-dev-server --inline --hot --quiet'.
18 error This is most likely a problem with the poimoe_poi package,
18 error not with npm itself.
18 error Tell the author that this fails on your system:
18 error     webpack-dev-server --inline --hot --quiet
18 error You can get their info via:
18 error     npm owner ls poimoe_poi
18 error There is likely additional logging output above.
19 verbose exit [ 1, true ]
